Vivado Simulator 2019.1
Copyright 1986-1999, 2001-2019 Xilinx, Inc. All Rights Reserved.
Running: C:/Xilinx/Vivado/2019.1/bin/unwrapped/win64.o/xelab.exe -wto d8ee1e27d896428eabdbe31add631878 --incr --debug typical --relax --mt 2 -L xil_defaultlib -L secureip --snapshot tb_encrypt_behav xil_defaultlib.tb_encrypt -log elaborate.log 
Using 2 slave threads.
Starting static elaboration
Completed static elaboration
Starting simulation data flow analysis
Completed simulation data flow analysis
Time Resolution for simulation is 1ps
Compiling package std.standard
Compiling package std.textio
Compiling package ieee.std_logic_1164
Compiling package ieee.std_logic_arith
Compiling package ieee.std_logic_unsigned
Compiling package ieee.numeric_std
Compiling architecture behavioral of entity xil_defaultlib.reg_64_v00 [reg_64_v00_default]
Compiling architecture behavioral of entity xil_defaultlib.reg_64_v01 [reg_64_v01_default]
Compiling architecture behavioral of entity xil_defaultlib.reg_64_v02 [reg_64_v02_default]
Compiling architecture behavioral of entity xil_defaultlib.reg_64_v03 [reg_64_v03_default]
Compiling architecture behavioral of entity xil_defaultlib.reg_64_v04 [reg_64_v04_default]
Compiling architecture behavioral of entity xil_defaultlib.reg_64_v05 [reg_64_v05_default]
Compiling architecture behavioral of entity xil_defaultlib.reg_64_v06 [reg_64_v06_default]
Compiling architecture behavioral of entity xil_defaultlib.reg_64_v07 [reg_64_v07_default]
Compiling architecture behavioral of entity xil_defaultlib.reg_64_v08 [reg_64_v08_default]
Compiling architecture behavioral of entity xil_defaultlib.reg_64_v09 [reg_64_v09_default]
Compiling architecture behavioral of entity xil_defaultlib.reg_64_v10 [reg_64_v10_default]
Compiling architecture behavioral of entity xil_defaultlib.reg_64_v11 [reg_64_v11_default]
Compiling architecture behavioral of entity xil_defaultlib.reg_64_v12 [reg_64_v12_default]
Compiling architecture behavioral of entity xil_defaultlib.reg_64_v13 [reg_64_v13_default]
Compiling architecture behavioral of entity xil_defaultlib.reg_64_v14 [reg_64_v14_default]
Compiling architecture behavioral of entity xil_defaultlib.reg_64_v15 [reg_64_v15_default]
Compiling architecture behavioral of entity xil_defaultlib.perm [perm_default]
Compiling architecture behavioral of entity xil_defaultlib.g_function [g_function_default]
Compiling architecture behavioral of entity xil_defaultlib.round_f_controller [round_f_controller_default]
Compiling architecture behavioral of entity xil_defaultlib.mux2_1 [mux2_1_default]
Compiling architecture behavioral of entity xil_defaultlib.blake512 [blake512_default]
Compiling architecture behavioral of entity xil_defaultlib.omd_controller [omd_controller_default]
Compiling architecture behavioral of entity xil_defaultlib.mux2_1_512 [mux2_1_512_default]
Compiling architecture behavioral of entity xil_defaultlib.ntz_i [ntz_i_default]
Compiling architecture behavioral of entity xil_defaultlib.mux2_1_4 [mux2_1_4_default]
Compiling architecture behavioral of entity xil_defaultlib.ram16x512 [ram16x512_default]
Compiling architecture behavioral of entity xil_defaultlib.mux4_1_1024 [mux4_1_1024_default]
Compiling architecture behavioral of entity xil_defaultlib.mux4_1_512 [mux4_1_512_default]
Compiling architecture behavioral of entity xil_defaultlib.ram256x512 [ram256x512_default]
Compiling architecture behavioral of entity xil_defaultlib.reg_en_1024 [reg_en_1024_default]
Compiling architecture behavioral of entity xil_defaultlib.reg_en_512 [reg_en_512_default]
Compiling architecture behavioral of entity xil_defaultlib.encrypt [encrypt_default]
Compiling architecture behavioral of entity xil_defaultlib.mux2_1_1024 [mux2_1_1024_default]
Compiling architecture behavioral of entity xil_defaultlib.reg_en_tag_a [reg_en_tag_a_default]
Compiling architecture behavioral of entity xil_defaultlib.ram16x1024 [ram16x1024_default]
Compiling architecture behavioral of entity xil_defaultlib.compute_L_and_TAG_A [compute_l_and_tag_a_default]
Compiling architecture behavioral of entity xil_defaultlib.tb_encrypt
Built simulation snapshot tb_encrypt_behav
